2023-12-19 14:19:39,755 DEBUG    root            Loaded Command Group: ['gcloud', 'components']
2023-12-19 14:19:39,759 DEBUG    root            Loaded Command Group: ['gcloud', 'components', 'update']
2023-12-19 14:19:39,762 DEBUG    root            Running [gcloud.components.update] with arguments: [--allow-no-backup: "True", --compile-python: "True", --quiet: "True", COMPONENT-IDS:7: "['core', 'gcloud-deps', 'bq', 'gcloud', 'gcloud-crc32c', 'gsutil', 'anthoscli']"]
2023-12-19 14:19:39,763 INFO     ___FILE_ONLY___ Beginning update. This process may take several minutes.

2023-12-19 14:19:51,811 DEBUG    urllib3.connectionpool Starting new HTTPS connection (1): dl.google.com:443
2023-12-19 14:19:51,895 DEBUG    urllib3.connectionpool https://dl.google.com:443 "GET /dl/cloudsdk/channels/rapid/components-2.json HTTP/1.1" 200 214441
2023-12-19 14:19:51,915 INFO     ___FILE_ONLY___ 

2023-12-19 14:19:51,916 INFO     ___FILE_ONLY___ 
Your current Google Cloud CLI version is: 457.0.0

2023-12-19 14:19:51,916 INFO     ___FILE_ONLY___ Installing components from version: 457.0.0

2023-12-19 14:19:51,916 INFO     ___FILE_ONLY___ 

2023-12-19 14:19:51,916 DEBUG    root            Chosen display Format:table[box,title="These components will be removed."](details.display_name:label=Name:align=left,version.version_string:label=Version:align=right,data.size.size(zero="",min=1048576):label=Size:align=right)
2023-12-19 14:19:51,917 DEBUG    root            Chosen display Format:table[box,title="These components will be updated."](details.display_name:label=Name:align=left,version.version_string:label=Version:align=right,data.size.size(zero="",min=1048576):label=Size:align=right)
2023-12-19 14:19:51,918 DEBUG    root            Chosen display Format:table[box,title="These components will be installed."](details.display_name:label=Name:align=left,version.version_string:label=Version:align=right,data.size.size(zero="",min=1048576):label=Size:align=right)
2023-12-19 14:19:51,926 INFO     ___FILE_ONLY___ ┌─────────────────────────────────────────────────────────────────────────────┐
2023-12-19 14:19:51,927 INFO     ___FILE_ONLY___ 

2023-12-19 14:19:51,927 INFO     ___FILE_ONLY___ │                     These components will be installed.                     │
2023-12-19 14:19:51,927 INFO     ___FILE_ONLY___ 

2023-12-19 14:19:51,927 INFO     ___FILE_ONLY___ ├─────────────────────────────────────────────────────┬────────────┬──────────┤
2023-12-19 14:19:51,927 INFO     ___FILE_ONLY___ 

2023-12-19 14:19:51,927 INFO     ___FILE_ONLY___ │                         Name                        │  Version   │   Size   │
2023-12-19 14:19:51,927 INFO     ___FILE_ONLY___ 

2023-12-19 14:19:51,927 INFO     ___FILE_ONLY___ ├─────────────────────────────────────────────────────┼────────────┼──────────┤
2023-12-19 14:19:51,927 INFO     ___FILE_ONLY___ 

2023-12-19 14:19:51,927 INFO     ___FILE_ONLY___ │ 
2023-12-19 14:19:51,927 INFO     ___FILE_ONLY___ BigQuery Command Line Tool                         
2023-12-19 14:19:51,927 INFO     ___FILE_ONLY___  
2023-12-19 14:19:51,927 INFO     ___FILE_ONLY___ │ 
2023-12-19 14:19:51,928 INFO     ___FILE_ONLY___    2.0.100
2023-12-19 14:19:51,928 INFO     ___FILE_ONLY___  
2023-12-19 14:19:51,928 INFO     ___FILE_ONLY___ │ 
2023-12-19 14:19:51,928 INFO     ___FILE_ONLY___  1.6 MiB
2023-12-19 14:19:51,928 INFO     ___FILE_ONLY___  
2023-12-19 14:19:51,928 INFO     ___FILE_ONLY___ │
2023-12-19 14:19:51,928 INFO     ___FILE_ONLY___ 

2023-12-19 14:19:51,928 INFO     ___FILE_ONLY___ │ 
2023-12-19 14:19:51,928 INFO     ___FILE_ONLY___ BigQuery Command Line Tool (Platform Specific)     
2023-12-19 14:19:51,928 INFO     ___FILE_ONLY___  
2023-12-19 14:19:51,928 INFO     ___FILE_ONLY___ │ 
2023-12-19 14:19:51,928 INFO     ___FILE_ONLY___     2.0.98
2023-12-19 14:19:51,928 INFO     ___FILE_ONLY___  
2023-12-19 14:19:51,928 INFO     ___FILE_ONLY___ │ 
2023-12-19 14:19:51,929 INFO     ___FILE_ONLY___  < 1 MiB
2023-12-19 14:19:51,929 INFO     ___FILE_ONLY___  
2023-12-19 14:19:51,929 INFO     ___FILE_ONLY___ │
2023-12-19 14:19:51,929 INFO     ___FILE_ONLY___ 

2023-12-19 14:19:51,929 INFO     ___FILE_ONLY___ │ 
2023-12-19 14:19:51,929 INFO     ___FILE_ONLY___ Bundled Python 3.11                                
2023-12-19 14:19:51,929 INFO     ___FILE_ONLY___  
2023-12-19 14:19:51,929 INFO     ___FILE_ONLY___ │ 
2023-12-19 14:19:51,929 INFO     ___FILE_ONLY___     3.11.6
2023-12-19 14:19:51,929 INFO     ___FILE_ONLY___  
2023-12-19 14:19:51,929 INFO     ___FILE_ONLY___ │ 
2023-12-19 14:19:51,929 INFO     ___FILE_ONLY___ 73.7 MiB
2023-12-19 14:19:51,929 INFO     ___FILE_ONLY___  
2023-12-19 14:19:51,929 INFO     ___FILE_ONLY___ │
2023-12-19 14:19:51,930 INFO     ___FILE_ONLY___ 

2023-12-19 14:19:51,930 INFO     ___FILE_ONLY___ │ 
2023-12-19 14:19:51,930 INFO     ___FILE_ONLY___ Cloud Storage Command Line Tool                    
2023-12-19 14:19:51,930 INFO     ___FILE_ONLY___  
2023-12-19 14:19:51,930 INFO     ___FILE_ONLY___ │ 
2023-12-19 14:19:51,930 INFO     ___FILE_ONLY___       5.27
2023-12-19 14:19:51,930 INFO     ___FILE_ONLY___  
2023-12-19 14:19:51,930 INFO     ___FILE_ONLY___ │ 
2023-12-19 14:19:51,930 INFO     ___FILE_ONLY___ 11.3 MiB
2023-12-19 14:19:51,930 INFO     ___FILE_ONLY___  
2023-12-19 14:19:51,930 INFO     ___FILE_ONLY___ │
2023-12-19 14:19:51,930 INFO     ___FILE_ONLY___ 

2023-12-19 14:19:51,930 INFO     ___FILE_ONLY___ │ 
2023-12-19 14:19:51,930 INFO     ___FILE_ONLY___ Cloud Storage Command Line Tool (Platform Specific)
2023-12-19 14:19:51,931 INFO     ___FILE_ONLY___  
2023-12-19 14:19:51,931 INFO     ___FILE_ONLY___ │ 
2023-12-19 14:19:51,931 INFO     ___FILE_ONLY___       5.27
2023-12-19 14:19:51,931 INFO     ___FILE_ONLY___  
2023-12-19 14:19:51,931 INFO     ___FILE_ONLY___ │ 
2023-12-19 14:19:51,931 INFO     ___FILE_ONLY___  < 1 MiB
2023-12-19 14:19:51,931 INFO     ___FILE_ONLY___  
2023-12-19 14:19:51,931 INFO     ___FILE_ONLY___ │
2023-12-19 14:19:51,931 INFO     ___FILE_ONLY___ 

2023-12-19 14:19:51,931 INFO     ___FILE_ONLY___ │ 
2023-12-19 14:19:51,931 INFO     ___FILE_ONLY___ Google Cloud CLI Core Libraries (Platform Specific)
2023-12-19 14:19:51,931 INFO     ___FILE_ONLY___  
2023-12-19 14:19:51,931 INFO     ___FILE_ONLY___ │ 
2023-12-19 14:19:51,931 INFO     ___FILE_ONLY___ 2023.10.25
2023-12-19 14:19:51,932 INFO     ___FILE_ONLY___  
2023-12-19 14:19:51,932 INFO     ___FILE_ONLY___ │ 
2023-12-19 14:19:51,932 INFO     ___FILE_ONLY___  < 1 MiB
2023-12-19 14:19:51,932 INFO     ___FILE_ONLY___  
2023-12-19 14:19:51,932 INFO     ___FILE_ONLY___ │
2023-12-19 14:19:51,932 INFO     ___FILE_ONLY___ 

2023-12-19 14:19:51,932 INFO     ___FILE_ONLY___ │ 
2023-12-19 14:19:51,932 INFO     ___FILE_ONLY___ Google Cloud CRC32C Hash Tool                      
2023-12-19 14:19:51,932 INFO     ___FILE_ONLY___  
2023-12-19 14:19:51,932 INFO     ___FILE_ONLY___ │ 
2023-12-19 14:19:51,932 INFO     ___FILE_ONLY___      1.0.0
2023-12-19 14:19:51,932 INFO     ___FILE_ONLY___  
2023-12-19 14:19:51,932 INFO     ___FILE_ONLY___ │ 
2023-12-19 14:19:51,932 INFO     ___FILE_ONLY___  1.2 MiB
2023-12-19 14:19:51,933 INFO     ___FILE_ONLY___  
2023-12-19 14:19:51,933 INFO     ___FILE_ONLY___ │
2023-12-19 14:19:51,933 INFO     ___FILE_ONLY___ 

2023-12-19 14:19:51,933 INFO     ___FILE_ONLY___ │ 
2023-12-19 14:19:51,933 INFO     ___FILE_ONLY___ anthoscli                                          
2023-12-19 14:19:51,933 INFO     ___FILE_ONLY___  
2023-12-19 14:19:51,933 INFO     ___FILE_ONLY___ │ 
2023-12-19 14:19:51,933 INFO     ___FILE_ONLY___     0.2.45
2023-12-19 14:19:51,933 INFO     ___FILE_ONLY___  
2023-12-19 14:19:51,933 INFO     ___FILE_ONLY___ │ 
2023-12-19 14:19:51,933 INFO     ___FILE_ONLY___ 68.9 MiB
2023-12-19 14:19:51,933 INFO     ___FILE_ONLY___  
2023-12-19 14:19:51,933 INFO     ___FILE_ONLY___ │
2023-12-19 14:19:51,933 INFO     ___FILE_ONLY___ 

2023-12-19 14:19:51,934 INFO     ___FILE_ONLY___ │ 
2023-12-19 14:19:51,934 INFO     ___FILE_ONLY___ gcloud cli dependencies                            
2023-12-19 14:19:51,934 INFO     ___FILE_ONLY___  
2023-12-19 14:19:51,934 INFO     ___FILE_ONLY___ │ 
2023-12-19 14:19:51,934 INFO     ___FILE_ONLY___ 2021.04.16
2023-12-19 14:19:51,934 INFO     ___FILE_ONLY___  
2023-12-19 14:19:51,934 INFO     ___FILE_ONLY___ │ 
2023-12-19 14:19:51,934 INFO     ___FILE_ONLY___  < 1 MiB
2023-12-19 14:19:51,934 INFO     ___FILE_ONLY___  
2023-12-19 14:19:51,934 INFO     ___FILE_ONLY___ │
2023-12-19 14:19:51,934 INFO     ___FILE_ONLY___ 

2023-12-19 14:19:51,934 INFO     ___FILE_ONLY___ └─────────────────────────────────────────────────────┴────────────┴──────────┘
2023-12-19 14:19:51,934 INFO     ___FILE_ONLY___ 

2023-12-19 14:19:51,935 INFO     ___FILE_ONLY___ 

2023-12-19 14:19:51,939 DEBUG    urllib3.connectionpool Starting new HTTPS connection (1): dl.google.com:443
2023-12-19 14:19:52,025 DEBUG    urllib3.connectionpool https://dl.google.com:443 "GET /dl/cloudsdk/channels/rapid/RELEASE_NOTES HTTP/1.1" 200 1126280
2023-12-19 14:19:52,096 INFO     ___FILE_ONLY___ For the latest full release notes, please visit:
  https://cloud.google.com/sdk/release_notes


2023-12-19 14:19:52,099 INFO     ___FILE_ONLY___ ╔════════════════════════════════════════════════════════════╗

2023-12-19 14:19:52,099 INFO     ___FILE_ONLY___ ╠═ Creating update staging area                             ═╣

2023-12-19 14:19:52,099 INFO     ___FILE_ONLY___ ╚
2023-12-19 14:19:52,099 INFO     ___FILE_ONLY___ ══════
2023-12-19 14:19:52,099 INFO     ___FILE_ONLY___ ══════
2023-12-19 14:19:52,099 INFO     ___FILE_ONLY___ ══════
2023-12-19 14:19:52,441 INFO     ___FILE_ONLY___ ═
2023-12-19 14:19:52,499 INFO     ___FILE_ONLY___ ═
2023-12-19 14:19:52,553 INFO     ___FILE_ONLY___ ═
2023-12-19 14:19:52,621 INFO     ___FILE_ONLY___ ═
2023-12-19 14:19:52,684 INFO     ___FILE_ONLY___ ═
2023-12-19 14:19:52,741 INFO     ___FILE_ONLY___ ═
2023-12-19 14:19:52,810 INFO     ___FILE_ONLY___ ═
2023-12-19 14:19:52,885 INFO     ___FILE_ONLY___ ═
2023-12-19 14:19:52,950 INFO     ___FILE_ONLY___ ═
2023-12-19 14:19:53,010 INFO     ___FILE_ONLY___ ═
2023-12-19 14:19:53,058 INFO     ___FILE_ONLY___ ═
2023-12-19 14:19:53,119 INFO     ___FILE_ONLY___ ═
2023-12-19 14:19:53,178 INFO     ___FILE_ONLY___ ═
2023-12-19 14:19:53,239 INFO     ___FILE_ONLY___ ═
2023-12-19 14:19:53,297 INFO     ___FILE_ONLY___ ═
2023-12-19 14:19:53,462 INFO     ___FILE_ONLY___ ═
2023-12-19 14:19:53,532 INFO     ___FILE_ONLY___ ═
2023-12-19 14:19:53,588 INFO     ___FILE_ONLY___ ═
2023-12-19 14:19:53,705 INFO     ___FILE_ONLY___ ═
2023-12-19 14:19:53,734 INFO     ___FILE_ONLY___ ═
2023-12-19 14:19:53,765 INFO     ___FILE_ONLY___ ═
2023-12-19 14:19:53,811 INFO     ___FILE_ONLY___ ═
2023-12-19 14:19:53,844 INFO     ___FILE_ONLY___ ═
2023-12-19 14:19:53,874 INFO     ___FILE_ONLY___ ═
2023-12-19 14:19:53,933 INFO     ___FILE_ONLY___ ═
2023-12-19 14:19:54,009 INFO     ___FILE_ONLY___ ═
2023-12-19 14:19:54,142 INFO     ___FILE_ONLY___ ═
2023-12-19 14:19:54,270 INFO     ___FILE_ONLY___ ═
2023-12-19 14:19:54,318 INFO     ___FILE_ONLY___ ═
2023-12-19 14:19:54,368 INFO     ___FILE_ONLY___ ═
2023-12-19 14:19:54,433 INFO     ___FILE_ONLY___ ═
2023-12-19 14:19:54,485 INFO     ___FILE_ONLY___ ═
2023-12-19 14:19:54,534 INFO     ___FILE_ONLY___ ═
2023-12-19 14:19:54,584 INFO     ___FILE_ONLY___ ═
2023-12-19 14:19:54,642 INFO     ___FILE_ONLY___ ═
2023-12-19 14:19:54,694 INFO     ___FILE_ONLY___ ═
2023-12-19 14:19:54,743 INFO     ___FILE_ONLY___ ═
2023-12-19 14:19:54,829 INFO     ___FILE_ONLY___ ═
2023-12-19 14:19:54,892 INFO     ___FILE_ONLY___ ═
2023-12-19 14:19:54,949 INFO     ___FILE_ONLY___ ═
2023-12-19 14:19:54,994 INFO     ___FILE_ONLY___ ═
2023-12-19 14:19:55,044 INFO     ___FILE_ONLY___ ═
2023-12-19 14:19:55,044 INFO     ___FILE_ONLY___ ╝

2023-12-19 14:19:55,140 INFO     ___FILE_ONLY___ ╔════════════════════════════════════════════════════════════╗

2023-12-19 14:19:55,140 INFO     ___FILE_ONLY___ ╠═ Installing: BigQuery Command Line Tool                   ═╣

2023-12-19 14:19:55,140 INFO     ___FILE_ONLY___ ╚
2023-12-19 14:19:55,144 DEBUG    urllib3.connectionpool Starting new HTTPS connection (1): dl.google.com:443
2023-12-19 14:19:55,232 DEBUG    urllib3.connectionpool https://dl.google.com:443 "GET /dl/cloudsdk/channels/rapid/components/google-cloud-sdk-bq-20231208151900.tar.gz HTTP/1.1" 200 1676192
2023-12-19 14:19:55,242 INFO     ___FILE_ONLY___ ═
2023-12-19 14:19:55,243 INFO     ___FILE_ONLY___ ═
2023-12-19 14:19:55,243 INFO     ___FILE_ONLY___ ═
2023-12-19 14:19:55,243 INFO     ___FILE_ONLY___ ═
2023-12-19 14:19:55,243 INFO     ___FILE_ONLY___ ═
2023-12-19 14:19:55,243 INFO     ___FILE_ONLY___ ═
2023-12-19 14:19:55,244 INFO     ___FILE_ONLY___ ═
2023-12-19 14:19:55,244 INFO     ___FILE_ONLY___ ═
2023-12-19 14:19:55,244 INFO     ___FILE_ONLY___ ═
2023-12-19 14:19:55,244 INFO     ___FILE_ONLY___ ═
2023-12-19 14:19:55,244 INFO     ___FILE_ONLY___ ═
2023-12-19 14:19:55,244 INFO     ___FILE_ONLY___ ═
2023-12-19 14:19:55,244 INFO     ___FILE_ONLY___ ═
2023-12-19 14:19:55,245 INFO     ___FILE_ONLY___ ═
2023-12-19 14:19:55,245 INFO     ___FILE_ONLY___ ═
2023-12-19 14:19:55,245 INFO     ___FILE_ONLY___ ═
2023-12-19 14:19:55,245 INFO     ___FILE_ONLY___ ═
2023-12-19 14:19:55,245 INFO     ___FILE_ONLY___ ═
2023-12-19 14:19:55,245 INFO     ___FILE_ONLY___ ═
2023-12-19 14:19:55,246 INFO     ___FILE_ONLY___ ═
2023-12-19 14:19:55,246 INFO     ___FILE_ONLY___ ═
2023-12-19 14:19:55,246 INFO     ___FILE_ONLY___ ═
2023-12-19 14:19:55,246 INFO     ___FILE_ONLY___ ═
2023-12-19 14:19:55,246 INFO     ___FILE_ONLY___ ═
2023-12-19 14:19:55,246 INFO     ___FILE_ONLY___ ═
2023-12-19 14:19:55,246 INFO     ___FILE_ONLY___ ═
2023-12-19 14:19:55,247 INFO     ___FILE_ONLY___ ═
2023-12-19 14:19:55,247 INFO     ___FILE_ONLY___ ═
2023-12-19 14:19:55,247 INFO     ___FILE_ONLY___ ═
2023-12-19 14:19:55,247 INFO     ___FILE_ONLY___ ═
2023-12-19 14:19:55,377 INFO     ___FILE_ONLY___ ═
2023-12-19 14:19:55,381 INFO     ___FILE_ONLY___ ═
2023-12-19 14:19:55,385 INFO     ___FILE_ONLY___ ═
2023-12-19 14:19:55,389 INFO     ___FILE_ONLY___ ═
2023-12-19 14:19:55,393 INFO     ___FILE_ONLY___ ═
2023-12-19 14:19:55,397 INFO     ___FILE_ONLY___ ═
2023-12-19 14:19:55,403 INFO     ___FILE_ONLY___ ═
2023-12-19 14:19:55,407 INFO     ___FILE_ONLY___ ═
2023-12-19 14:19:55,412 INFO     ___FILE_ONLY___ ═
2023-12-19 14:19:55,415 INFO     ___FILE_ONLY___ ═
2023-12-19 14:19:55,420 INFO     ___FILE_ONLY___ ═
2023-12-19 14:19:55,424 INFO     ___FILE_ONLY___ ═
2023-12-19 14:19:55,428 INFO     ___FILE_ONLY___ ═
2023-12-19 14:19:55,434 INFO     ___FILE_ONLY___ ═
2023-12-19 14:19:55,438 INFO     ___FILE_ONLY___ ═
2023-12-19 14:19:55,442 INFO     ___FILE_ONLY___ ═
2023-12-19 14:19:55,447 INFO     ___FILE_ONLY___ ═
2023-12-19 14:19:55,451 INFO     ___FILE_ONLY___ ═
2023-12-19 14:19:55,457 INFO     ___FILE_ONLY___ ═
2023-12-19 14:19:55,461 INFO     ___FILE_ONLY___ ═
2023-12-19 14:19:55,466 INFO     ___FILE_ONLY___ ═
2023-12-19 14:19:55,473 INFO     ___FILE_ONLY___ ═
2023-12-19 14:19:55,479 INFO     ___FILE_ONLY___ ═
2023-12-19 14:19:55,483 INFO     ___FILE_ONLY___ ═
2023-12-19 14:19:55,487 INFO     ___FILE_ONLY___ ═
2023-12-19 14:19:55,492 INFO     ___FILE_ONLY___ ═
2023-12-19 14:19:55,496 INFO     ___FILE_ONLY___ ═
2023-12-19 14:19:55,500 INFO     ___FILE_ONLY___ ═
2023-12-19 14:19:55,504 INFO     ___FILE_ONLY___ ═
2023-12-19 14:19:55,508 INFO     ___FILE_ONLY___ ═
2023-12-19 14:19:55,508 INFO     ___FILE_ONLY___ ╝

2023-12-19 14:19:55,524 INFO     ___FILE_ONLY___ ╔════════════════════════════════════════════════════════════╗

2023-12-19 14:19:55,524 INFO     ___FILE_ONLY___ ╠═ Installing: BigQuery Command Line Tool (Platform Spec... ═╣

2023-12-19 14:19:55,525 INFO     ___FILE_ONLY___ ╚
2023-12-19 14:19:55,529 DEBUG    urllib3.connectionpool Starting new HTTPS connection (1): dl.google.com:443
2023-12-19 14:19:55,611 DEBUG    urllib3.connectionpool https://dl.google.com:443 "GET /dl/cloudsdk/channels/rapid/components/google-cloud-sdk-bq-nix-20231025210228.tar.gz HTTP/1.1" 200 2019
2023-12-19 14:19:55,611 INFO     ___FILE_ONLY___ ══════════════════════════════
2023-12-19 14:19:55,612 INFO     ___FILE_ONLY___ ══════════════════════════════
2023-12-19 14:19:55,613 INFO     ___FILE_ONLY___ ╝

2023-12-19 14:19:55,657 INFO     ___FILE_ONLY___ ╔════════════════════════════════════════════════════════════╗

2023-12-19 14:19:55,657 INFO     ___FILE_ONLY___ ╠═ Installing: Bundled Python 3.11                          ═╣

2023-12-19 14:19:55,657 INFO     ___FILE_ONLY___ ╚
2023-12-19 14:19:55,661 DEBUG    urllib3.connectionpool Starting new HTTPS connection (1): dl.google.com:443
2023-12-19 14:19:55,747 DEBUG    urllib3.connectionpool https://dl.google.com:443 "GET /dl/cloudsdk/channels/rapid/components/google-cloud-sdk-bundled-python3-unix-linux-x86_64-20231110155547.tar.gz HTTP/1.1" 200 77282043
2023-12-19 14:19:56,044 INFO     ___FILE_ONLY___ ═
2023-12-19 14:19:56,047 INFO     ___FILE_ONLY___ ═
2023-12-19 14:19:56,051 INFO     ___FILE_ONLY___ ═
2023-12-19 14:19:56,054 INFO     ___FILE_ONLY___ ═
2023-12-19 14:19:56,057 INFO     ___FILE_ONLY___ ═
2023-12-19 14:19:56,061 INFO     ___FILE_ONLY___ ═
2023-12-19 14:19:56,064 INFO     ___FILE_ONLY___ ═
2023-12-19 14:19:56,067 INFO     ___FILE_ONLY___ ═
2023-12-19 14:19:56,071 INFO     ___FILE_ONLY___ ═
2023-12-19 14:19:56,074 INFO     ___FILE_ONLY___ ═
2023-12-19 14:19:56,077 INFO     ___FILE_ONLY___ ═
2023-12-19 14:19:56,081 INFO     ___FILE_ONLY___ ═
2023-12-19 14:19:56,084 INFO     ___FILE_ONLY___ ═
2023-12-19 14:19:56,087 INFO     ___FILE_ONLY___ ═
2023-12-19 14:19:56,091 INFO     ___FILE_ONLY___ ═
2023-12-19 14:19:56,094 INFO     ___FILE_ONLY___ ═
2023-12-19 14:19:56,097 INFO     ___FILE_ONLY___ ═
2023-12-19 14:19:56,101 INFO     ___FILE_ONLY___ ═
2023-12-19 14:19:56,104 INFO     ___FILE_ONLY___ ═
2023-12-19 14:19:56,108 INFO     ___FILE_ONLY___ ═
2023-12-19 14:19:56,111 INFO     ___FILE_ONLY___ ═
2023-12-19 14:19:56,115 INFO     ___FILE_ONLY___ ═
2023-12-19 14:19:56,118 INFO     ___FILE_ONLY___ ═
2023-12-19 14:19:56,122 INFO     ___FILE_ONLY___ ═
2023-12-19 14:19:56,126 INFO     ___FILE_ONLY___ ═
2023-12-19 14:19:56,129 INFO     ___FILE_ONLY___ ═
2023-12-19 14:19:56,133 INFO     ___FILE_ONLY___ ═
2023-12-19 14:19:56,136 INFO     ___FILE_ONLY___ ═
2023-12-19 14:19:56,140 INFO     ___FILE_ONLY___ ═
2023-12-19 14:19:56,143 INFO     ___FILE_ONLY___ ═
2023-12-19 14:19:58,390 INFO     ___FILE_ONLY___ ═
2023-12-19 14:19:58,413 INFO     ___FILE_ONLY___ ═
2023-12-19 14:19:58,429 INFO     ___FILE_ONLY___ ═
2023-12-19 14:19:58,446 INFO     ___FILE_ONLY___ ═
2023-12-19 14:19:58,467 INFO     ___FILE_ONLY___ ═
2023-12-19 14:19:58,487 INFO     ___FILE_ONLY___ ═
2023-12-19 14:19:58,516 INFO     ___FILE_ONLY___ ═
2023-12-19 14:19:58,536 INFO     ___FILE_ONLY___ ═
2023-12-19 14:19:58,556 INFO     ___FILE_ONLY___ ═
2023-12-19 14:19:58,576 INFO     ___FILE_ONLY___ ═
2023-12-19 14:19:58,705 INFO     ___FILE_ONLY___ ═
2023-12-19 14:19:58,721 INFO     ___FILE_ONLY___ ═
2023-12-19 14:19:58,844 INFO     ___FILE_ONLY___ ═
2023-12-19 14:19:58,861 INFO     ___FILE_ONLY___ ═
2023-12-19 14:19:58,878 INFO     ___FILE_ONLY___ ═
2023-12-19 14:19:58,898 INFO     ___FILE_ONLY___ ═
2023-12-19 14:19:58,916 INFO     ___FILE_ONLY___ ═
2023-12-19 14:19:58,937 INFO     ___FILE_ONLY___ ═
2023-12-19 14:19:58,961 INFO     ___FILE_ONLY___ ═
2023-12-19 14:19:58,982 INFO     ___FILE_ONLY___ ═
2023-12-19 14:19:59,024 INFO     ___FILE_ONLY___ ═
2023-12-19 14:19:59,042 INFO     ___FILE_ONLY___ ═
2023-12-19 14:19:59,058 INFO     ___FILE_ONLY___ ═
2023-12-19 14:19:59,079 INFO     ___FILE_ONLY___ ═
2023-12-19 14:19:59,100 INFO     ___FILE_ONLY___ ═
2023-12-19 14:19:59,124 INFO     ___FILE_ONLY___ ═
2023-12-19 14:19:59,891 INFO     ___FILE_ONLY___ ═
2023-12-19 14:20:00,275 INFO     ___FILE_ONLY___ ═
2023-12-19 14:20:00,290 INFO     ___FILE_ONLY___ ═
2023-12-19 14:20:00,303 INFO     ___FILE_ONLY___ ═
2023-12-19 14:20:00,304 INFO     ___FILE_ONLY___ ╝

2023-12-19 14:20:00,372 INFO     ___FILE_ONLY___ ╔════════════════════════════════════════════════════════════╗

2023-12-19 14:20:00,372 INFO     ___FILE_ONLY___ ╠═ Installing: Bundled Python 3.11                          ═╣

2023-12-19 14:20:00,372 INFO     ___FILE_ONLY___ ╚
2023-12-19 14:20:00,377 INFO     ___FILE_ONLY___ ════════════════════════════════════════════════════════════
2023-12-19 14:20:00,378 INFO     ___FILE_ONLY___ ╝

2023-12-19 14:20:00,380 INFO     ___FILE_ONLY___ ╔════════════════════════════════════════════════════════════╗

2023-12-19 14:20:00,380 INFO     ___FILE_ONLY___ ╠═ Installing: Cloud Storage Command Line Tool              ═╣

2023-12-19 14:20:00,380 INFO     ___FILE_ONLY___ ╚
2023-12-19 14:20:00,384 DEBUG    urllib3.connectionpool Starting new HTTPS connection (1): dl.google.com:443
2023-12-19 14:20:00,471 DEBUG    urllib3.connectionpool https://dl.google.com:443 "GET /dl/cloudsdk/channels/rapid/components/google-cloud-sdk-gsutil-20231025210228.tar.gz HTTP/1.1" 200 11833901
2023-12-19 14:20:00,513 INFO     ___FILE_ONLY___ ═
2023-12-19 14:20:00,514 INFO     ___FILE_ONLY___ ═
2023-12-19 14:20:00,514 INFO     ___FILE_ONLY___ ═
2023-12-19 14:20:00,515 INFO     ___FILE_ONLY___ ═
2023-12-19 14:20:00,516 INFO     ___FILE_ONLY___ ═
2023-12-19 14:20:00,516 INFO     ___FILE_ONLY___ ═
2023-12-19 14:20:00,517 INFO     ___FILE_ONLY___ ═
2023-12-19 14:20:00,517 INFO     ___FILE_ONLY___ ═
2023-12-19 14:20:00,518 INFO     ___FILE_ONLY___ ═
2023-12-19 14:20:00,519 INFO     ___FILE_ONLY___ ═
2023-12-19 14:20:00,519 INFO     ___FILE_ONLY___ ═
2023-12-19 14:20:00,520 INFO     ___FILE_ONLY___ ═
2023-12-19 14:20:00,520 INFO     ___FILE_ONLY___ ═
2023-12-19 14:20:00,521 INFO     ___FILE_ONLY___ ═
2023-12-19 14:20:00,522 INFO     ___FILE_ONLY___ ═
2023-12-19 14:20:00,522 INFO     ___FILE_ONLY___ ═
2023-12-19 14:20:00,523 INFO     ___FILE_ONLY___ ═
2023-12-19 14:20:00,523 INFO     ___FILE_ONLY___ ═
2023-12-19 14:20:00,524 INFO     ___FILE_ONLY___ ═
2023-12-19 14:20:00,525 INFO     ___FILE_ONLY___ ═
2023-12-19 14:20:00,525 INFO     ___FILE_ONLY___ ═
2023-12-19 14:20:00,526 INFO     ___FILE_ONLY___ ═
2023-12-19 14:20:00,526 INFO     ___FILE_ONLY___ ═
2023-12-19 14:20:00,527 INFO     ___FILE_ONLY___ ═
2023-12-19 14:20:00,528 INFO     ___FILE_ONLY___ ═
2023-12-19 14:20:00,528 INFO     ___FILE_ONLY___ ═
2023-12-19 14:20:00,529 INFO     ___FILE_ONLY___ ═
2023-12-19 14:20:00,530 INFO     ___FILE_ONLY___ ═
2023-12-19 14:20:00,530 INFO     ___FILE_ONLY___ ═
2023-12-19 14:20:00,531 INFO     ___FILE_ONLY___ ═
2023-12-19 14:20:01,318 INFO     ___FILE_ONLY___ ═
2023-12-19 14:20:01,358 INFO     ___FILE_ONLY___ ═
2023-12-19 14:20:01,389 INFO     ___FILE_ONLY___ ═
2023-12-19 14:20:01,421 INFO     ___FILE_ONLY___ ═
2023-12-19 14:20:01,450 INFO     ___FILE_ONLY___ ═
2023-12-19 14:20:01,479 INFO     ___FILE_ONLY___ ═
2023-12-19 14:20:01,501 INFO     ___FILE_ONLY___ ═
2023-12-19 14:20:01,522 INFO     ___FILE_ONLY___ ═
2023-12-19 14:20:01,546 INFO     ___FILE_ONLY___ ═
2023-12-19 14:20:01,569 INFO     ___FILE_ONLY___ ═
2023-12-19 14:20:01,593 INFO     ___FILE_ONLY___ ═
2023-12-19 14:20:01,614 INFO     ___FILE_ONLY___ ═
2023-12-19 14:20:01,647 INFO     ___FILE_ONLY___ ═
2023-12-19 14:20:01,671 INFO     ___FILE_ONLY___ ═
2023-12-19 14:20:01,706 INFO     ___FILE_ONLY___ ═
2023-12-19 14:20:01,737 INFO     ___FILE_ONLY___ ═
2023-12-19 14:20:01,770 INFO     ___FILE_ONLY___ ═
2023-12-19 14:20:01,803 INFO     ___FILE_ONLY___ ═
2023-12-19 14:20:01,825 INFO     ___FILE_ONLY___ ═
2023-12-19 14:20:01,850 INFO     ___FILE_ONLY___ ═
2023-12-19 14:20:01,874 INFO     ___FILE_ONLY___ ═
2023-12-19 14:20:01,898 INFO     ___FILE_ONLY___ ═
2023-12-19 14:20:01,922 INFO     ___FILE_ONLY___ ═
2023-12-19 14:20:01,948 INFO     ___FILE_ONLY___ ═
2023-12-19 14:20:01,970 INFO     ___FILE_ONLY___ ═
2023-12-19 14:20:02,023 INFO     ___FILE_ONLY___ ═
2023-12-19 14:20:02,052 INFO     ___FILE_ONLY___ ═
2023-12-19 14:20:02,080 INFO     ___FILE_ONLY___ ═
2023-12-19 14:20:02,112 INFO     ___FILE_ONLY___ ═
2023-12-19 14:20:02,135 INFO     ___FILE_ONLY___ ═
2023-12-19 14:20:02,135 INFO     ___FILE_ONLY___ ╝

2023-12-19 14:20:02,217 INFO     ___FILE_ONLY___ ╔════════════════════════════════════════════════════════════╗

2023-12-19 14:20:02,217 INFO     ___FILE_ONLY___ ╠═ Installing: Cloud Storage Command Line Tool (Platform... ═╣

2023-12-19 14:20:02,218 INFO     ___FILE_ONLY___ ╚
2023-12-19 14:20:02,222 DEBUG    urllib3.connectionpool Starting new HTTPS connection (1): dl.google.com:443
2023-12-19 14:20:02,308 DEBUG    urllib3.connectionpool https://dl.google.com:443 "GET /dl/cloudsdk/channels/rapid/components/google-cloud-sdk-gsutil-nix-20231025210228.tar.gz HTTP/1.1" 200 2035
2023-12-19 14:20:02,309 INFO     ___FILE_ONLY___ ══════════════════════════════
2023-12-19 14:20:02,310 INFO     ___FILE_ONLY___ ══════════════════════════════
2023-12-19 14:20:02,310 INFO     ___FILE_ONLY___ ╝

2023-12-19 14:20:02,320 INFO     ___FILE_ONLY___ ╔════════════════════════════════════════════════════════════╗

2023-12-19 14:20:02,321 INFO     ___FILE_ONLY___ ╠═ Installing: Default set of gcloud commands               ═╣

2023-12-19 14:20:02,321 INFO     ___FILE_ONLY___ ╚
2023-12-19 14:20:02,326 INFO     ___FILE_ONLY___ ════════════════════════════════════════════════════════════
2023-12-19 14:20:02,327 INFO     ___FILE_ONLY___ ╝

2023-12-19 14:20:02,329 INFO     ___FILE_ONLY___ ╔════════════════════════════════════════════════════════════╗

2023-12-19 14:20:02,329 INFO     ___FILE_ONLY___ ╠═ Installing: Google Cloud CLI Core Libraries (Platform... ═╣

2023-12-19 14:20:02,329 INFO     ___FILE_ONLY___ ╚
2023-12-19 14:20:02,333 DEBUG    urllib3.connectionpool Starting new HTTPS connection (1): dl.google.com:443
2023-12-19 14:20:02,427 DEBUG    urllib3.connectionpool https://dl.google.com:443 "GET /dl/cloudsdk/channels/rapid/components/google-cloud-sdk-core-nix-20231025210228.tar.gz HTTP/1.1" 200 2402
2023-12-19 14:20:02,428 INFO     ___FILE_ONLY___ ══════════════════════════════
2023-12-19 14:20:02,429 INFO     ___FILE_ONLY___ ═══════════════
2023-12-19 14:20:02,429 INFO     ___FILE_ONLY___ ═══════════════
2023-12-19 14:20:02,429 INFO     ___FILE_ONLY___ ╝

2023-12-19 14:20:02,440 INFO     ___FILE_ONLY___ ╔════════════════════════════════════════════════════════════╗

2023-12-19 14:20:02,440 INFO     ___FILE_ONLY___ ╠═ Installing: Google Cloud CRC32C Hash Tool                ═╣

2023-12-19 14:20:02,440 INFO     ___FILE_ONLY___ ╚
2023-12-19 14:20:02,444 DEBUG    urllib3.connectionpool Starting new HTTPS connection (1): dl.google.com:443
2023-12-19 14:20:02,531 DEBUG    urllib3.connectionpool https://dl.google.com:443 "GET /dl/cloudsdk/channels/rapid/components/google-cloud-sdk-gcloud-crc32c-linux-x86_64-20231023224440.tar.gz HTTP/1.1" 200 1289207
2023-12-19 14:20:02,542 INFO     ___FILE_ONLY___ ═
2023-12-19 14:20:02,542 INFO     ___FILE_ONLY___ ═
2023-12-19 14:20:02,542 INFO     ___FILE_ONLY___ ═
2023-12-19 14:20:02,542 INFO     ___FILE_ONLY___ ═
2023-12-19 14:20:02,542 INFO     ___FILE_ONLY___ ═
2023-12-19 14:20:02,542 INFO     ___FILE_ONLY___ ═
2023-12-19 14:20:02,543 INFO     ___FILE_ONLY___ ═
2023-12-19 14:20:02,543 INFO     ___FILE_ONLY___ ═
2023-12-19 14:20:02,543 INFO     ___FILE_ONLY___ ═
2023-12-19 14:20:02,543 INFO     ___FILE_ONLY___ ═
2023-12-19 14:20:02,543 INFO     ___FILE_ONLY___ ═
2023-12-19 14:20:02,543 INFO     ___FILE_ONLY___ ═
2023-12-19 14:20:02,543 INFO     ___FILE_ONLY___ ═
2023-12-19 14:20:02,544 INFO     ___FILE_ONLY___ ═
2023-12-19 14:20:02,544 INFO     ___FILE_ONLY___ ═
2023-12-19 14:20:02,544 INFO     ___FILE_ONLY___ ═
2023-12-19 14:20:02,544 INFO     ___FILE_ONLY___ ═
2023-12-19 14:20:02,544 INFO     ___FILE_ONLY___ ═
2023-12-19 14:20:02,544 INFO     ___FILE_ONLY___ ═
2023-12-19 14:20:02,544 INFO     ___FILE_ONLY___ ═
2023-12-19 14:20:02,544 INFO     ___FILE_ONLY___ ═
2023-12-19 14:20:02,545 INFO     ___FILE_ONLY___ ═
2023-12-19 14:20:02,545 INFO     ___FILE_ONLY___ ═
2023-12-19 14:20:02,545 INFO     ___FILE_ONLY___ ═
2023-12-19 14:20:02,545 INFO     ___FILE_ONLY___ ═
2023-12-19 14:20:02,545 INFO     ___FILE_ONLY___ ═
2023-12-19 14:20:02,545 INFO     ___FILE_ONLY___ ═
2023-12-19 14:20:02,545 INFO     ___FILE_ONLY___ ═
2023-12-19 14:20:02,546 INFO     ___FILE_ONLY___ ═
2023-12-19 14:20:02,546 INFO     ___FILE_ONLY___ ═
2023-12-19 14:20:02,581 INFO     ___FILE_ONLY___ ═══════════════
2023-12-19 14:20:02,582 INFO     ___FILE_ONLY___ ═══════════════
2023-12-19 14:20:02,582 INFO     ___FILE_ONLY___ ╝

2023-12-19 14:20:02,593 INFO     ___FILE_ONLY___ ╔════════════════════════════════════════════════════════════╗

2023-12-19 14:20:02,593 INFO     ___FILE_ONLY___ ╠═ Installing: Google Cloud CRC32C Hash Tool                ═╣

2023-12-19 14:20:02,593 INFO     ___FILE_ONLY___ ╚
2023-12-19 14:20:02,599 INFO     ___FILE_ONLY___ ════════════════════════════════════════════════════════════
2023-12-19 14:20:02,599 INFO     ___FILE_ONLY___ ╝

2023-12-19 14:20:02,601 INFO     ___FILE_ONLY___ ╔════════════════════════════════════════════════════════════╗

2023-12-19 14:20:02,601 INFO     ___FILE_ONLY___ ╠═ Installing: anthoscli                                    ═╣

2023-12-19 14:20:02,601 INFO     ___FILE_ONLY___ ╚
2023-12-19 14:20:02,606 DEBUG    urllib3.connectionpool Starting new HTTPS connection (1): dl.google.com:443
2023-12-19 14:20:02,694 DEBUG    urllib3.connectionpool https://dl.google.com:443 "GET /dl/cloudsdk/channels/rapid/components/google-cloud-sdk-anthoscli-linux-x86_64-20231201141418.tar.gz HTTP/1.1" 200 72274029
2023-12-19 14:20:02,975 INFO     ___FILE_ONLY___ ═
2023-12-19 14:20:02,978 INFO     ___FILE_ONLY___ ═
2023-12-19 14:20:02,981 INFO     ___FILE_ONLY___ ═
2023-12-19 14:20:02,985 INFO     ___FILE_ONLY___ ═
2023-12-19 14:20:02,988 INFO     ___FILE_ONLY___ ═
2023-12-19 14:20:02,991 INFO     ___FILE_ONLY___ ═
2023-12-19 14:20:02,994 INFO     ___FILE_ONLY___ ═
2023-12-19 14:20:02,997 INFO     ___FILE_ONLY___ ═
2023-12-19 14:20:03,000 INFO     ___FILE_ONLY___ ═
2023-12-19 14:20:03,004 INFO     ___FILE_ONLY___ ═
2023-12-19 14:20:03,007 INFO     ___FILE_ONLY___ ═
2023-12-19 14:20:03,010 INFO     ___FILE_ONLY___ ═
2023-12-19 14:20:03,013 INFO     ___FILE_ONLY___ ═
2023-12-19 14:20:03,016 INFO     ___FILE_ONLY___ ═
2023-12-19 14:20:03,019 INFO     ___FILE_ONLY___ ═
2023-12-19 14:20:03,023 INFO     ___FILE_ONLY___ ═
2023-12-19 14:20:03,026 INFO     ___FILE_ONLY___ ═
2023-12-19 14:20:03,029 INFO     ___FILE_ONLY___ ═
2023-12-19 14:20:03,033 INFO     ___FILE_ONLY___ ═
2023-12-19 14:20:03,036 INFO     ___FILE_ONLY___ ═
2023-12-19 14:20:03,039 INFO     ___FILE_ONLY___ ═
2023-12-19 14:20:03,043 INFO     ___FILE_ONLY___ ═
2023-12-19 14:20:03,046 INFO     ___FILE_ONLY___ ═
2023-12-19 14:20:03,049 INFO     ___FILE_ONLY___ ═
2023-12-19 14:20:03,053 INFO     ___FILE_ONLY___ ═
2023-12-19 14:20:03,056 INFO     ___FILE_ONLY___ ═
2023-12-19 14:20:03,059 INFO     ___FILE_ONLY___ ═
2023-12-19 14:20:03,063 INFO     ___FILE_ONLY___ ═
2023-12-19 14:20:03,066 INFO     ___FILE_ONLY___ ═
2023-12-19 14:20:03,069 INFO     ___FILE_ONLY___ ═
2023-12-19 14:20:05,451 INFO     ___FILE_ONLY___ ══════════
2023-12-19 14:20:05,457 INFO     ___FILE_ONLY___ ═════════
2023-12-19 14:20:05,487 INFO     ___FILE_ONLY___ ═══════════
2023-12-19 14:20:05,487 INFO     ___FILE_ONLY___ ╝

2023-12-19 14:20:05,514 INFO     ___FILE_ONLY___ ╔════════════════════════════════════════════════════════════╗

2023-12-19 14:20:05,514 INFO     ___FILE_ONLY___ ╠═ Installing: anthoscli                                    ═╣

2023-12-19 14:20:05,514 INFO     ___FILE_ONLY___ ╚
2023-12-19 14:20:05,520 INFO     ___FILE_ONLY___ ════════════════════════════════════════════════════════════
2023-12-19 14:20:05,520 INFO     ___FILE_ONLY___ ╝

2023-12-19 14:20:05,522 INFO     ___FILE_ONLY___ ╔════════════════════════════════════════════════════════════╗

2023-12-19 14:20:05,522 INFO     ___FILE_ONLY___ ╠═ Installing: gcloud cli dependencies                      ═╣

2023-12-19 14:20:05,522 INFO     ___FILE_ONLY___ ╚
2023-12-19 14:20:05,527 DEBUG    urllib3.connectionpool Starting new HTTPS connection (1): dl.google.com:443
2023-12-19 14:20:05,619 DEBUG    urllib3.connectionpool https://dl.google.com:443 "GET /dl/cloudsdk/channels/rapid/components/google-cloud-sdk-gcloud-deps-linux-x86_64-20210416153011.tar.gz HTTP/1.1" 200 104
2023-12-19 14:20:05,620 INFO     ___FILE_ONLY___ ══════════════════════════════
2023-12-19 14:20:05,620 INFO     ___FILE_ONLY___ ══════════════════════════════
2023-12-19 14:20:05,620 INFO     ___FILE_ONLY___ ╝

2023-12-19 14:20:05,631 INFO     ___FILE_ONLY___ ╔════════════════════════════════════════════════════════════╗

2023-12-19 14:20:05,631 INFO     ___FILE_ONLY___ ╠═ Creating backup and activating new installation          ═╣

2023-12-19 14:20:05,631 INFO     ___FILE_ONLY___ ╚
2023-12-19 14:20:05,631 DEBUG    root            Attempting to move directory [/tools/google-cloud-sdk] to [/tools/google-cloud-sdk.staging/.install/.backup]
2023-12-19 14:20:05,631 INFO     ___FILE_ONLY___ ══════════════════════════════
2023-12-19 14:20:05,631 DEBUG    root            Attempting to move directory [/tools/google-cloud-sdk.staging] to [/tools/google-cloud-sdk]
2023-12-19 14:20:05,631 INFO     ___FILE_ONLY___ ══════════════════════════════
2023-12-19 14:20:05,631 INFO     ___FILE_ONLY___ ╝

2023-12-19 14:20:05,636 DEBUG    root            Updating notification cache...
2023-12-19 14:20:05,637 INFO     ___FILE_ONLY___ 

2023-12-19 14:20:05,639 INFO     ___FILE_ONLY___ Performing post processing steps...
2023-12-19 14:20:05,639 DEBUG    root            Executing command: ['python3', '-S', '/tools/google-cloud-sdk/lib/gcloud.py', 'components', 'post-process']
2023-12-19 14:20:15,322 DEBUG    ___FILE_ONLY___ 
2023-12-19 14:20:15,322 DEBUG    ___FILE_ONLY___ 
2023-12-19 14:20:15,404 INFO     ___FILE_ONLY___ 
Update done!


2023-12-19 14:20:15,409 DEBUG    root            Chosen display Format:none
2023-12-19 14:20:15,409 INFO     root            Display format: "none"
